<?xml version="1.0" encoding="UTF-8"?>
<!-- Generated by org.testng.reporters.JUnitReportReporter -->
<testsuite skipped="0" hostname="CSMBHUD347" name="com.PG.Tests.ApplyingCAFWithDiffernetExamType" tests="3" failures="0" timestamp="2021-12-09T15:03:20 IST" time="41.440" errors="0">
  <testcase name="LoggingIn" time="11.612" classname="com.PG.Tests.ApplyingCAFWithDiffernetExamType"/>
  <system-out/>
  <testcase name="SubmittingCAFwithAnnualExam" time="18.014" classname="com.PG.Tests.ApplyingCAFWithDiffernetExamType"/>
  <system-out/>
  <testcase name="SubmittingCAFwithSupplementaryExam" time="11.814" classname="com.PG.Tests.ApplyingCAFWithDiffernetExamType"/>
  <system-out/>
</testsuite> <!-- com.PG.Tests.ApplyingCAFWithDiffernetExamType -->
