<?xml version="1.0" encoding="UTF-8"?>
<!-- Generated by org.testng.reporters.JUnitReportReporter -->
<testsuite skipped="0" hostname="CSMBHUD347" name="com.PG.Tests.ApplyingCAFWithDifferentBoards" tests="3" failures="0" timestamp="2021-12-09T15:03:20 IST" time="41.664" errors="0">
  <testcase name="LoggingIn" time="14.740" classname="com.PG.Tests.ApplyingCAFWithDifferentBoards"/>
  <system-out/>
  <testcase name="SubmissionCAFWithOdishaBoard" time="15.104" classname="com.PG.Tests.ApplyingCAFWithDifferentBoards"/>
  <system-out/>
  <testcase name="SubmissionCAFWithNonOdishaBoard" time="11.820" classname="com.PG.Tests.ApplyingCAFWithDifferentBoards"/>
  <system-out/>
</testsuite> <!-- com.PG.Tests.ApplyingCAFWithDifferentBoards -->
